<?xml version="1.0" encoding="utf-8"?><testsuites><testsuite name="pytest" errors="0" failures="0" skipped="0" tests="6" time="0.327" timestamp="2025-11-09T22:46:20.860835+03:00" hostname="VLAD-PC"><testcase classname="tests.test_login_sql_injection" name="test_login_should_not_allow_sql_injection" time="0.008" /><testcase classname="tests.test_login_sql_injection" name="test_login_positive_correct_credentials" time="0.003" /><testcase classname="tests.test_search_sql_like" name="test_search_should_not_return_all_on_injection" time="0.004" /><testcase classname="tests.test_search_sql_like" name="test_search_positive_finds_item" time="0.002" /><testcase classname="tests.test_xss_escaping" name="test_echo_should_escape_script_tags" time="0.006" /><testcase classname="tests.test_xss_escaping" name="test_echo_positive_simple_message" time="0.002" /></testsuite></testsuites>